.------------------------------------------.
|  0x5563e81b91fc                          |
| sym.Foo::RandChar(int64_t arg1);         |
| ; arg int64_t arg1 @ rdi                 |
| ; var int64_t var_20h @ stack - 0x20     |
| ; var int64_t var_9h @ stack - 0x9       |
| push  rbp                                |
| mov   rbp, rsp                           |
| sub   rsp, 0x20                          |
| mov   qword [var_20h], rdi ; local.set 1 |
| call  sym.imp.clock                      |
| mov   edi, eax                           |
| call  sym.imp.srand                      |
| call  sym.imp.rand                       |
| mov   edx, eax                           |
| mov   eax, edx                           |
| sar   eax, 0x1f                          |
| shr   eax, 0x1b                          |
| add   edx, eax                           |
| and   edx, 0x1f                          |
| sub   edx, eax                           |
| mov   eax, edx                           |
| mov   byte [var_9h], al ; local.set 1    |
| mov   rax, qword [var_20h] ; local.get 1 |
| movzx eax, byte [rax]                    |
| mov   edx, eax                           |
| movzx eax, byte [var_9h] ; local.get 1   |
| add   eax, edx                           |
| leave                                    |
| ret                                      |
'------------------------------------------'

