 .-----------------------------------------------.
 |  0x5563e81b9179                               |
 | int main(int argc, char **argv, char **envp); |
 | ; var int64_t var_11h @ stack - 0x11          |
 | ; var int64_t var_10h @ stack - 0x10          |
 | push  rbp                                     |
 | mov   rbp, rsp                                |
 | sub   rsp, 0x10                               |
 | mov   rax, qword fs:[0x28]                    |
 | mov   qword [var_10h], rax ; local.set 1      |
 | xor   eax, eax                                |
 | lea   rax, [var_11h] ; local.get 1            |
 | mov   esi, 0x40                               |
 | mov   rdi, rax                                |
 | call  sym.Foo::Foo_char                       |
 | lea   rax, [var_11h] ; local.get 1            |
 | mov   rdi, rax                                |
 | call  sym.Foo::RandChar                       |
 | movsx eax, al                                 |
 | mov   esi, eax                                |
 | lea   rax, str.Generated_char_is:__c          |
 | mov   rdi, rax                                |
 | mov   eax, 0                                  |
 | call  sym.imp.printf                          |
 | mov   eax, 0                                  |
 | mov   rdx, qword [var_10h] ; local.get 1      |
 | sub   rdx, qword fs:[0x28]                    |
 | je    0x5563e81b91df                          |
 '-----------------------------------------------'
       t f
       | |
    .--' |
    |    '------------------.
    |                       |
.------------------.    .--------------------------------.
|  0x5563e81b91df  |    |  0x5563e81b91da                |
| leave            |    | call  sym.imp.__stack_chk_fail |
| ret              |    '--------------------------------'
'------------------'
